2025-07-26 23:42:35.003 [info] [main] Log level: Info
2025-07-26 23:42:35.003 [info] [main] Validating found git in: "git"
2025-07-26 23:42:35.003 [info] [main] Using git "2.34.1" from "git"
2025-07-26 23:42:35.003 [info] [Model][doInitialScan] Initial repository scan started
2025-07-26 23:42:35.003 [info] > git rev-parse --show-toplevel [5ms]
2025-07-26 23:42:35.003 [info] fatal: not a git repository (or any of the parent directories): .git
2025-07-26 23:42:35.003 [info] > git rev-parse --show-toplevel [1ms]
2025-07-26 23:42:35.003 [info] fatal: not a git repository (or any of the parent directories): .git
2025-07-26 23:42:35.003 [info] > git rev-parse --show-toplevel [1ms]
2025-07-26 23:42:35.003 [info] fatal: not a git repository (or any of the parent directories): .git
2025-07-26 23:42:35.003 [info] > git rev-parse --show-toplevel [2ms]
2025-07-26 23:42:35.003 [info] fatal: not a git repository (or any of the parent directories): .git
2025-07-26 23:42:35.003 [info] > git rev-parse --show-toplevel [1ms]
2025-07-26 23:42:35.003 [info] fatal: not a git repository (or any of the parent directories): .git
2025-07-26 23:42:35.003 [info] > git rev-parse --show-toplevel [1ms]
2025-07-26 23:42:35.003 [info] fatal: not a git repository (or any of the parent directories): .git
2025-07-26 23:42:35.003 [info] > git rev-parse --show-toplevel [1ms]
2025-07-26 23:42:35.004 [info] fatal: not a git repository (or any of the parent directories): .git
2025-07-26 23:42:35.004 [info] > git rev-parse --show-toplevel [7ms]
2025-07-26 23:42:35.004 [info] > git rev-parse --git-dir --git-common-dir [1ms]
2025-07-26 23:42:35.004 [info] [Model][openRepository] Opened repository (path): /home/ubuntu/.nvm
2025-07-26 23:42:35.004 [info] [Model][openRepository] Opened repository (real path): /home/ubuntu/.nvm
2025-07-26 23:42:35.004 [info] > git config --get commit.template [3ms]
2025-07-26 23:42:35.004 [info] > git rev-parse --show-toplevel [2ms]
2025-07-26 23:42:35.004 [info] fatal: not a git repository (or any of the parent directories): .git
2025-07-26 23:42:35.004 [info] > git rev-parse --show-toplevel [1ms]
2025-07-26 23:42:35.004 [info] fatal: not a git repository (or any of the parent directories): .git
2025-07-26 23:42:35.004 [info] > git rev-parse --show-toplevel [1ms]
2025-07-26 23:42:35.004 [info] fatal: not a git repository (or any of the parent directories): .git
2025-07-26 23:42:35.004 [info] > git for-each-ref --format %(refname)%00%(objectname)%00%(*objectname) refs/tags [9ms]
2025-07-26 23:42:35.004 [info] > git rev-parse --show-toplevel [8ms]
2025-07-26 23:42:35.004 [info] > git for-each-ref --sort -committerdate --format %(refname)%00%(objectname)%00%(*objectname) [4ms]
2025-07-26 23:42:35.004 [info] > git rev-parse --git-dir --git-common-dir [1ms]
2025-07-26 23:42:35.004 [info] [Model][openRepository] Opened repository (path): /home/ubuntu/prestacao-contas-manual
2025-07-26 23:42:35.004 [info] [Model][openRepository] Opened repository (real path): /home/ubuntu/prestacao-contas-manual
2025-07-26 23:42:35.004 [info] > git config --get commit.template [2ms]
2025-07-26 23:42:35.004 [info] [Git][getRemotes] No remotes found in the git config file
2025-07-26 23:42:35.004 [info] > git rev-parse --show-toplevel [3ms]
2025-07-26 23:42:35.004 [info] fatal: not a git repository (or any of the parent directories): .git
2025-07-26 23:42:35.004 [info] > git for-each-ref --format=%(refname)%00%(upstream:short)%00%(objectname)%00%(upstream:track)%00%(upstream:remotename)%00%(upstream:remoteref) refs/heads/master refs/remotes/master [3ms]
2025-07-26 23:42:35.004 [warning] [Git][getBranch] No such branch: master
2025-07-26 23:42:35.004 [info] > git rev-parse --show-toplevel [5ms]
2025-07-26 23:42:35.004 [info] fatal: not a git repository (or any of the parent directories): .git
2025-07-26 23:42:35.004 [info] [Model][doInitialScan] Initial repository scan completed - repositories (2), closed repositories (0), parent repositories (0), unsafe repositories (0)
2025-07-26 23:42:35.004 [info] > git for-each-ref --sort -committerdate --format %(refname)%00%(objectname)%00%(*objectname) [5ms]
2025-07-26 23:42:35.004 [info] > git status -z -uall [57ms]
2025-07-26 23:42:35.004 [info] > git config --get commit.template [6ms]
2025-07-26 23:42:35.004 [info] > git status -z -uall [101ms] (cancelled)
2025-07-26 23:42:35.004 [info] > git for-each-ref --format %(refname)%00%(objectname)%00%(*objectname) refs/tags [11ms]
2025-07-26 23:42:35.004 [info] > git check-ignore -v -z --stdin [30ms]
2025-07-26 23:42:35.004 [info] > git status -z -uall [323ms]
2025-07-26 23:42:35.004 [info] > git for-each-ref --format=%(refname)%00%(upstream:short)%00%(objectname)%00%(upstream:track)%00%(upstream:remotename)%00%(upstream:remoteref) refs/heads/master refs/remotes/master [1361ms]
2025-07-26 23:42:35.004 [warning] [Git][getBranch] No such branch: master
2025-07-26 23:42:35.004 [error] [GitHistoryProvider][resolveHEADMergeBase] Failed to resolve merge base for master: Error: No such branch: master.
2025-07-26 23:42:35.004 [info] > git for-each-ref --sort -committerdate --format %(refname)%00%(objectname)%00%(*objectname) [1681ms]
2025-07-26 23:42:35.004 [info] > git config --get commit.template [13ms]
2025-07-26 23:42:35.004 [info] [Git][getRemotes] No remotes found in the git config file
2025-07-26 23:42:35.005 [info] > git for-each-ref --format=%(refname)%00%(upstream:short)%00%(objectname)%00%(upstream:track)%00%(upstream:remotename)%00%(upstream:remoteref) refs/heads/master refs/remotes/master [1ms]
2025-07-26 23:42:35.005 [warning] [Git][getBranch] No such branch: master
2025-07-26 23:42:35.012 [info] > git for-each-ref --sort -committerdate --format %(refname)%00%(objectname)%00%(*objectname) [2ms]
2025-07-26 23:42:35.086 [info] > git status -z -uall [78ms] (cancelled)
2025-07-26 23:42:35.086 [info] > git check-ignore -v -z --stdin [1ms]
2025-07-26 23:42:36.651 [info] > git check-ignore -v -z --stdin [15ms]
2025-07-26 23:42:36.651 [info] > git check-ignore -v -z --stdin [12ms]
2025-07-26 23:42:36.652 [info] > git rev-parse --show-toplevel [2ms]
2025-07-26 23:43:01.707 [info] > git rev-parse --show-toplevel [34ms]
2025-07-26 23:43:01.707 [info] fatal: not a git repository (or any of the parent directories): .git
2025-07-26 23:43:06.605 [info] > git rev-parse --show-toplevel [6ms]
2025-07-26 23:43:06.605 [info] fatal: not a git repository (or any of the parent directories): .git
2025-07-26 23:43:16.270 [info] > git rev-parse --show-toplevel [5ms]
2025-07-26 23:43:16.270 [info] fatal: not a git repository (or any of the parent directories): .git
2025-07-26 23:43:19.584 [info] > git rev-parse --show-toplevel [4ms]
2025-07-26 23:43:19.584 [info] fatal: not a git repository (or any of the parent directories): .git
